<?xml version="1.0" encoding="UTF-8"?>
<testsuite name="tests.bats" tests="1" failures="0" errors="0" skipped="0" time="2" timestamp="2020-07-24T20:06:40" hostname="skylake10.ftm.alcf.anl.gov">
  <properties>
    <property name="BATS_TEST_FILTER" value=""/>
    <property name="BATS_RUN_TMPDIR" value="/tmp/bats-run-86567"/>
    <property name="BATS_ROOT" value="/home/aforero"/>
    <property name="BATS_TMPDIR" value="/tmp"/>
    <property name="BATS_CWD" value="/home/aforero/fortran-testing-framework/source/amil"/>
    <property name="BATS_ROOT_PID" value="86567"/>
    <property name="BATS_VERSION" value="1.2.0"/>
    <property name="BATS_TEST_PATTERN" value="^[[:blank:]]*@test[[:blank:]]+(.*[^[:blank:]])[[:blank:]]+\{(.*)$"/>
  </properties>
    <testcase classname="tests.bats" name="amil: make -j all" time="2"/>
  <system-out></system-out>
  <system-err></system-err>
</testsuite>
